This is pdfTeX, Version 3.141592653-2.6-1.40.27 (MiKTeX 25.4) (preloaded format=pdflatex 2025.10.13)  4 NOV 2025 10:24
entering extended mode
 restricted \write18 enabled.
 %&-line parsing enabled.
**./gerMain.tex
(gerMain.tex
LaTeX2e <2025-06-01> patch level 1
L3 programming layer <2025-09-02>
(D:\.SoftwareDev\Software Files\miktex\tex/latex/base\article.cls
Document Class: article 2025/01/22 v1.4n Standard LaTeX document class
(D:\.SoftwareDev\Software Files\miktex\tex/latex/base\size12.clo
File: size12.clo 2025/01/22 v1.4n Standard LaTeX file (size option)
)
\c@part=\count275
\c@section=\count276
\c@subsection=\count277
\c@subsubsection=\count278
\c@paragraph=\count279
\c@subparagraph=\count280
\c@figure=\count281
\c@table=\count282
\abovecaptionskip=\skip49
\belowcaptionskip=\skip50
\bibindent=\dimen148
)
(D:\.SoftwareDev\Software Files\miktex\tex/latex/graphics\graphicx.sty
Package: graphicx 2024/12/31 v1.2e Enhanced LaTeX Graphics (DPC,SPQR)

(D:\.SoftwareDev\Software Files\miktex\tex/latex/graphics\keyval.sty
Package: keyval 2022/05/29 v1.15 key=value parser (DPC)
\KV@toks@=\toks17
)
(D:\.SoftwareDev\Software Files\miktex\tex/latex/graphics\graphics.sty
Package: graphics 2024/08/06 v1.4g Standard LaTeX Graphics (DPC,SPQR)

(D:\.SoftwareDev\Software Files\miktex\tex/latex/graphics\trig.sty
Package: trig 2023/12/02 v1.11 sin cos tan (DPC)
)
(D:\.SoftwareDev\Software Files\miktex\tex/latex/graphics-cfg\graphics.cfg
File: graphics.cfg 2016/06/04 v1.11 sample graphics configuration
)
Package graphics Info: Driver file: pdftex.def on input line 106.

(D:\.SoftwareDev\Software Files\miktex\tex/latex/graphics-def\pdftex.def
File: pdftex.def 2024/04/13 v1.2c Graphics/color driver for pdftex
))
\Gin@req@height=\dimen149
\Gin@req@width=\dimen150
)
(D:\.SoftwareDev\Software Files\miktex\tex/latex/listings\listings.sty
\lst@mode=\count283
\lst@gtempboxa=\box53
\lst@token=\toks18
\lst@length=\count284
\lst@currlwidth=\dimen151
\lst@column=\count285
\lst@pos=\count286
\lst@lostspace=\dimen152
\lst@width=\dimen153
\lst@newlines=\count287
\lst@lineno=\count288
\lst@maxwidth=\dimen154

(D:\.SoftwareDev\Software Files\miktex\tex/latex/listings\lstpatch.sty
File: lstpatch.sty 2024/09/23 1.10c (Carsten Heinz)
)
(D:\.SoftwareDev\Software Files\miktex\tex/latex/listings\lstmisc.sty
File: lstmisc.sty 2024/09/23 1.10c (Carsten Heinz)
\c@lstnumber=\count289
\lst@skipnumbers=\count290
\lst@framebox=\box54
)
(D:\.SoftwareDev\Software Files\miktex\tex/latex/listings\listings.cfg
File: listings.cfg 2024/09/23 1.10c listings configuration
))
Package: listings 2024/09/23 1.10c (Carsten Heinz)

(D:\.SoftwareDev\Software Files\miktex\tex/latex/todonotes\todonotes.sty
Package: todonotes 2024/01/05 v1.1.7 Todonotes source and documentation.
Package: todonotes 2024/01/05

(D:\.SoftwareDev\Software Files\miktex\tex/latex/base\ifthen.sty
Package: ifthen 2024/03/16 v1.1e Standard LaTeX ifthen package (DPC)
)
(D:\.SoftwareDev\Software Files\miktex\tex/latex/xkeyval\xkeyval.sty
Package: xkeyval 2022/06/16 v2.9 package option processing (HA)

(D:\.SoftwareDev\Software Files\miktex\tex/generic/xkeyval\xkeyval.tex
(D:\.SoftwareDev\Software Files\miktex\tex/generic/xkeyval\xkvutils.tex
\XKV@toks=\toks19
\XKV@tempa@toks=\toks20
)
\XKV@depth=\count291
File: xkeyval.tex 2014/12/03 v2.7a key=value parser (HA)
))
(D:\.SoftwareDev\Software Files\miktex\tex/latex/xcolor\xcolor.sty
Package: xcolor 2024/09/29 v3.02 LaTeX color extensions (UK)

(D:\.SoftwareDev\Software Files\miktex\tex/latex/graphics-cfg\color.cfg
File: color.cfg 2016/01/02 v1.6 sample color configuration
)
Package xcolor Info: Driver file: pdftex.def on input line 274.

(D:\.SoftwareDev\Software Files\miktex\tex/latex/graphics\mathcolor.ltx)
Package xcolor Info: Model `cmy' substituted by `cmy0' on input line 1349.
Package xcolor Info: Model `hsb' substituted by `rgb' on input line 1353.
Package xcolor Info: Model `RGB' extended on input line 1365.
Package xcolor Info: Model `HTML' substituted by `rgb' on input line 1367.
Package xcolor Info: Model `Hsb' substituted by `hsb' on input line 1368.
Package xcolor Info: Model `tHsb' substituted by `hsb' on input line 1369.
Package xcolor Info: Model `HSB' substituted by `hsb' on input line 1370.
Package xcolor Info: Model `Gray' substituted by `gray' on input line 1371.
Package xcolor Info: Model `wave' substituted by `hsb' on input line 1372.
)
(D:\.SoftwareDev\Software Files\miktex\tex/latex/pgf/frontendlayer\tikz.sty
(D:\.SoftwareDev\Software Files\miktex\tex/latex/pgf/basiclayer\pgf.sty
(D:\.SoftwareDev\Software Files\miktex\tex/latex/pgf/utilities\pgfrcs.sty
(D:\.SoftwareDev\Software Files\miktex\tex/generic/pgf/utilities\pgfutil-common
.tex
\pgfutil@everybye=\toks21
\pgfutil@tempdima=\dimen155
\pgfutil@tempdimb=\dimen156
)
(D:\.SoftwareDev\Software Files\miktex\tex/generic/pgf/utilities\pgfutil-latex.
def
\pgfutil@abb=\box55
)
(D:\.SoftwareDev\Software Files\miktex\tex/generic/pgf/utilities\pgfrcs.code.te
x (D:\.SoftwareDev\Software Files\miktex\tex/generic/pgf\pgf.revision.tex)
Package: pgfrcs 2025-08-29 v3.1.11a (3.1.11a)
))
Package: pgf 2025-08-29 v3.1.11a (3.1.11a)

(D:\.SoftwareDev\Software Files\miktex\tex/latex/pgf/basiclayer\pgfcore.sty
(D:\.SoftwareDev\Software Files\miktex\tex/latex/pgf/systemlayer\pgfsys.sty
(D:\.SoftwareDev\Software Files\miktex\tex/generic/pgf/systemlayer\pgfsys.code.
tex
Package: pgfsys 2025-08-29 v3.1.11a (3.1.11a)

(D:\.SoftwareDev\Software Files\miktex\tex/generic/pgf/utilities\pgfkeys.code.t
ex
\pgfkeys@pathtoks=\toks22
\pgfkeys@temptoks=\toks23

(D:\.SoftwareDev\Software Files\miktex\tex/generic/pgf/utilities\pgfkeyslibrary
filtered.code.tex
\pgfkeys@tmptoks=\toks24
))
\pgf@x=\dimen157
\pgf@y=\dimen158
\pgf@xa=\dimen159
\pgf@ya=\dimen160
\pgf@xb=\dimen161
\pgf@yb=\dimen162
\pgf@xc=\dimen163
\pgf@yc=\dimen164
\pgf@xd=\dimen165
\pgf@yd=\dimen166
\w@pgf@writea=\write3
\r@pgf@reada=\read2
\c@pgf@counta=\count292
\c@pgf@countb=\count293
\c@pgf@countc=\count294
\c@pgf@countd=\count295
\t@pgf@toka=\toks25
\t@pgf@tokb=\toks26
\t@pgf@tokc=\toks27
\pgf@sys@id@count=\count296

(D:\.SoftwareDev\Software Files\miktex\tex/generic/pgf/systemlayer\pgf.cfg
File: pgf.cfg 2025-08-29 v3.1.11a (3.1.11a)
)
Driver file for pgf: pgfsys-pdftex.def

(D:\.SoftwareDev\Software Files\miktex\tex/generic/pgf/systemlayer\pgfsys-pdfte
x.def
File: pgfsys-pdftex.def 2025-08-29 v3.1.11a (3.1.11a)

(D:\.SoftwareDev\Software Files\miktex\tex/generic/pgf/systemlayer\pgfsys-commo
n-pdf.def
File: pgfsys-common-pdf.def 2025-08-29 v3.1.11a (3.1.11a)
)))
(D:\.SoftwareDev\Software Files\miktex\tex/generic/pgf/systemlayer\pgfsyssoftpa
th.code.tex
File: pgfsyssoftpath.code.tex 2025-08-29 v3.1.11a (3.1.11a)
\pgfsyssoftpath@smallbuffer@items=\count297
\pgfsyssoftpath@bigbuffer@items=\count298
)
(D:\.SoftwareDev\Software Files\miktex\tex/generic/pgf/systemlayer\pgfsysprotoc
ol.code.tex
File: pgfsysprotocol.code.tex 2025-08-29 v3.1.11a (3.1.11a)
))
(D:\.SoftwareDev\Software Files\miktex\tex/generic/pgf/basiclayer\pgfcore.code.
tex
Package: pgfcore 2025-08-29 v3.1.11a (3.1.11a)

(D:\.SoftwareDev\Software Files\miktex\tex/generic/pgf/math\pgfmath.code.tex
(D:\.SoftwareDev\Software Files\miktex\tex/generic/pgf/math\pgfmathutil.code.te
x)
(D:\.SoftwareDev\Software Files\miktex\tex/generic/pgf/math\pgfmathparser.code.
tex
\pgfmath@dimen=\dimen167
\pgfmath@count=\count299
\pgfmath@box=\box56
\pgfmath@toks=\toks28
\pgfmath@stack@operand=\toks29
\pgfmath@stack@operation=\toks30
)
(D:\.SoftwareDev\Software Files\miktex\tex/generic/pgf/math\pgfmathfunctions.co
de.tex)
(D:\.SoftwareDev\Software Files\miktex\tex/generic/pgf/math\pgfmathfunctions.ba
sic.code.tex)
(D:\.SoftwareDev\Software Files\miktex\tex/generic/pgf/math\pgfmathfunctions.tr
igonometric.code.tex)
(D:\.SoftwareDev\Software Files\miktex\tex/generic/pgf/math\pgfmathfunctions.ra
ndom.code.tex)
(D:\.SoftwareDev\Software Files\miktex\tex/generic/pgf/math\pgfmathfunctions.co
mparison.code.tex)
(D:\.SoftwareDev\Software Files\miktex\tex/generic/pgf/math\pgfmathfunctions.ba
se.code.tex)
(D:\.SoftwareDev\Software Files\miktex\tex/generic/pgf/math\pgfmathfunctions.ro
und.code.tex)
(D:\.SoftwareDev\Software Files\miktex\tex/generic/pgf/math\pgfmathfunctions.mi
sc.code.tex)
(D:\.SoftwareDev\Software Files\miktex\tex/generic/pgf/math\pgfmathfunctions.in
tegerarithmetics.code.tex)
(D:\.SoftwareDev\Software Files\miktex\tex/generic/pgf/math\pgfmathcalc.code.te
x)
(D:\.SoftwareDev\Software Files\miktex\tex/generic/pgf/math\pgfmathfloat.code.t
ex
\c@pgfmathroundto@lastzeros=\count300
))
(D:\.SoftwareDev\Software Files\miktex\tex/generic/pgf/math\pgfint.code.tex)
(D:\.SoftwareDev\Software Files\miktex\tex/generic/pgf/basiclayer\pgfcorepoints
.code.tex
File: pgfcorepoints.code.tex 2025-08-29 v3.1.11a (3.1.11a)
\pgf@picminx=\dimen168
\pgf@picmaxx=\dimen169
\pgf@picminy=\dimen170
\pgf@picmaxy=\dimen171
\pgf@pathminx=\dimen172
\pgf@pathmaxx=\dimen173
\pgf@pathminy=\dimen174
\pgf@pathmaxy=\dimen175
\pgf@xx=\dimen176
\pgf@xy=\dimen177
\pgf@yx=\dimen178
\pgf@yy=\dimen179
\pgf@zx=\dimen180
\pgf@zy=\dimen181
)
(D:\.SoftwareDev\Software Files\miktex\tex/generic/pgf/basiclayer\pgfcorepathco
nstruct.code.tex
File: pgfcorepathconstruct.code.tex 2025-08-29 v3.1.11a (3.1.11a)
\pgf@path@lastx=\dimen182
\pgf@path@lasty=\dimen183
)
(D:\.SoftwareDev\Software Files\miktex\tex/generic/pgf/basiclayer\pgfcorepathus
age.code.tex
File: pgfcorepathusage.code.tex 2025-08-29 v3.1.11a (3.1.11a)
\pgf@shorten@end@additional=\dimen184
\pgf@shorten@start@additional=\dimen185
)
(D:\.SoftwareDev\Software Files\miktex\tex/generic/pgf/basiclayer\pgfcorescopes
.code.tex
File: pgfcorescopes.code.tex 2025-08-29 v3.1.11a (3.1.11a)
\pgfpic=\box57
\pgf@hbox=\box58
\pgf@layerbox@main=\box59
\pgf@picture@serial@count=\count301
)
(D:\.SoftwareDev\Software Files\miktex\tex/generic/pgf/basiclayer\pgfcoregraphi
cstate.code.tex
File: pgfcoregraphicstate.code.tex 2025-08-29 v3.1.11a (3.1.11a)
\pgflinewidth=\dimen186
)
(D:\.SoftwareDev\Software Files\miktex\tex/generic/pgf/basiclayer\pgfcoretransf
ormations.code.tex
File: pgfcoretransformations.code.tex 2025-08-29 v3.1.11a (3.1.11a)
\pgf@pt@x=\dimen187
\pgf@pt@y=\dimen188
\pgf@pt@temp=\dimen189
)
(D:\.SoftwareDev\Software Files\miktex\tex/generic/pgf/basiclayer\pgfcorequick.
code.tex
File: pgfcorequick.code.tex 2025-08-29 v3.1.11a (3.1.11a)
)
(D:\.SoftwareDev\Software Files\miktex\tex/generic/pgf/basiclayer\pgfcoreobject
s.code.tex
File: pgfcoreobjects.code.tex 2025-08-29 v3.1.11a (3.1.11a)
)
(D:\.SoftwareDev\Software Files\miktex\tex/generic/pgf/basiclayer\pgfcorepathpr
ocessing.code.tex
File: pgfcorepathprocessing.code.tex 2025-08-29 v3.1.11a (3.1.11a)
)
(D:\.SoftwareDev\Software Files\miktex\tex/generic/pgf/basiclayer\pgfcorearrows
.code.tex
File: pgfcorearrows.code.tex 2025-08-29 v3.1.11a (3.1.11a)
\pgfarrowsep=\dimen190
)
(D:\.SoftwareDev\Software Files\miktex\tex/generic/pgf/basiclayer\pgfcoreshade.
code.tex
File: pgfcoreshade.code.tex 2025-08-29 v3.1.11a (3.1.11a)
\pgf@max=\dimen191
\pgf@sys@shading@range@num=\count302
\pgf@shadingcount=\count303
)
(D:\.SoftwareDev\Software Files\miktex\tex/generic/pgf/basiclayer\pgfcoreimage.
code.tex
File: pgfcoreimage.code.tex 2025-08-29 v3.1.11a (3.1.11a)
)
(D:\.SoftwareDev\Software Files\miktex\tex/generic/pgf/basiclayer\pgfcoreextern
al.code.tex
File: pgfcoreexternal.code.tex 2025-08-29 v3.1.11a (3.1.11a)
\pgfexternal@startupbox=\box60
)
(D:\.SoftwareDev\Software Files\miktex\tex/generic/pgf/basiclayer\pgfcorelayers
.code.tex
File: pgfcorelayers.code.tex 2025-08-29 v3.1.11a (3.1.11a)
)
(D:\.SoftwareDev\Software Files\miktex\tex/generic/pgf/basiclayer\pgfcoretransp
arency.code.tex
File: pgfcoretransparency.code.tex 2025-08-29 v3.1.11a (3.1.11a)
)
(D:\.SoftwareDev\Software Files\miktex\tex/generic/pgf/basiclayer\pgfcorepatter
ns.code.tex
File: pgfcorepatterns.code.tex 2025-08-29 v3.1.11a (3.1.11a)
)
(D:\.SoftwareDev\Software Files\miktex\tex/generic/pgf/basiclayer\pgfcorerdf.co
de.tex
File: pgfcorerdf.code.tex 2025-08-29 v3.1.11a (3.1.11a)
)))
(D:\.SoftwareDev\Software Files\miktex\tex/generic/pgf/modules\pgfmoduleshapes.
code.tex
File: pgfmoduleshapes.code.tex 2025-08-29 v3.1.11a (3.1.11a)
\pgfnodeparttextbox=\box61
)
(D:\.SoftwareDev\Software Files\miktex\tex/generic/pgf/modules\pgfmoduleplot.co
de.tex
File: pgfmoduleplot.code.tex 2025-08-29 v3.1.11a (3.1.11a)
)
(D:\.SoftwareDev\Software Files\miktex\tex/latex/pgf/compatibility\pgfcomp-vers
ion-0-65.sty
Package: pgfcomp-version-0-65 2025-08-29 v3.1.11a (3.1.11a)
\pgf@nodesepstart=\dimen192
\pgf@nodesepend=\dimen193
)
(D:\.SoftwareDev\Software Files\miktex\tex/latex/pgf/compatibility\pgfcomp-vers
ion-1-18.sty
Package: pgfcomp-version-1-18 2025-08-29 v3.1.11a (3.1.11a)
))
(D:\.SoftwareDev\Software Files\miktex\tex/latex/pgf/utilities\pgffor.sty
(D:\.SoftwareDev\Software Files\miktex\tex/latex/pgf/utilities\pgfkeys.sty
(D:\.SoftwareDev\Software Files\miktex\tex/generic/pgf/utilities\pgfkeys.code.t
ex)) (D:\.SoftwareDev\Software Files\miktex\tex/latex/pgf/math\pgfmath.sty
(D:\.SoftwareDev\Software Files\miktex\tex/generic/pgf/math\pgfmath.code.tex))
(D:\.SoftwareDev\Software Files\miktex\tex/generic/pgf/utilities\pgffor.code.te
x
Package: pgffor 2025-08-29 v3.1.11a (3.1.11a)
\pgffor@iter=\dimen194
\pgffor@skip=\dimen195
\pgffor@stack=\toks31
\pgffor@toks=\toks32
))
(D:\.SoftwareDev\Software Files\miktex\tex/generic/pgf/frontendlayer/tikz\tikz.
code.tex
Package: tikz 2025-08-29 v3.1.11a (3.1.11a)

(D:\.SoftwareDev\Software Files\miktex\tex/generic/pgf/libraries\pgflibraryplot
handlers.code.tex
File: pgflibraryplothandlers.code.tex 2025-08-29 v3.1.11a (3.1.11a)
\pgf@plot@mark@count=\count304
\pgfplotmarksize=\dimen196
)
\tikz@lastx=\dimen197
\tikz@lasty=\dimen198
\tikz@lastxsaved=\dimen199
\tikz@lastysaved=\dimen256
\tikz@lastmovetox=\dimen257
\tikz@lastmovetoy=\dimen258
\tikzleveldistance=\dimen259
\tikzsiblingdistance=\dimen260
\tikz@figbox=\box62
\tikz@figbox@bg=\box63
\tikz@tempbox=\box64
\tikz@tempbox@bg=\box65
\tikztreelevel=\count305
\tikznumberofchildren=\count306
\tikznumberofcurrentchild=\count307
\tikz@fig@count=\count308

(D:\.SoftwareDev\Software Files\miktex\tex/generic/pgf/modules\pgfmodulematrix.
code.tex
File: pgfmodulematrix.code.tex 2025-08-29 v3.1.11a (3.1.11a)
\pgfmatrixcurrentrow=\count309
\pgfmatrixcurrentcolumn=\count310
\pgf@matrix@numberofcolumns=\count311
)
\tikz@expandcount=\count312

(D:\.SoftwareDev\Software Files\miktex\tex/generic/pgf/frontendlayer/tikz/libra
ries\tikzlibrarytopaths.code.tex
File: tikzlibrarytopaths.code.tex 2025-08-29 v3.1.11a (3.1.11a)
)))
(D:\.SoftwareDev\Software Files\miktex\tex/generic/pgf/frontendlayer/tikz/libra
ries\tikzlibrarypositioning.code.tex
File: tikzlibrarypositioning.code.tex 2025-08-29 v3.1.11a (3.1.11a)
)
(D:\.SoftwareDev\Software Files\miktex\tex/latex/tools\calc.sty
Package: calc 2025/03/01 v4.3b Infix arithmetic (KKT,FJ)
\calc@Acount=\count313
\calc@Bcount=\count314
\calc@Adimen=\dimen261
\calc@Bdimen=\dimen262
\calc@Askip=\skip51
\calc@Bskip=\skip52
LaTeX Info: Redefining \setlength on input line 86.
LaTeX Info: Redefining \addtolength on input line 87.
\calc@Ccount=\count315
\calc@Cskip=\skip53
)
\c@@todonotes@numberoftodonotes=\count316
)
(D:\.SoftwareDev\Software Files\miktex\tex/latex/biblatex\biblatex.sty
Package: biblatex 2025/07/10 v3.21 programmable bibliographies (PK/MW)

(D:\.SoftwareDev\Software Files\miktex\tex/generic/pdftexcmds\pdftexcmds.sty
Package: pdftexcmds 2020-06-27 v0.33 Utility functions of pdfTeX for LuaTeX (HO
)

(D:\.SoftwareDev\Software Files\miktex\tex/generic/infwarerr\infwarerr.sty
Package: infwarerr 2019/12/03 v1.5 Providing info/warning/error messages (HO)
)
(D:\.SoftwareDev\Software Files\miktex\tex/generic/iftex\iftex.sty
Package: iftex 2024/12/12 v1.0g TeX engine tests
)
(D:\.SoftwareDev\Software Files\miktex\tex/generic/ltxcmds\ltxcmds.sty
Package: ltxcmds 2023-12-04 v1.26 LaTeX kernel commands for general use (HO)
)
Package pdftexcmds Info: \pdf@primitive is available.
Package pdftexcmds Info: \pdf@ifprimitive is available.
Package pdftexcmds Info: \pdfdraftmode found.
)
(D:\.SoftwareDev\Software Files\miktex\tex/latex/etoolbox\etoolbox.sty
Package: etoolbox 2025/02/11 v2.5l e-TeX tools for LaTeX (JAW)
\etb@tempcnta=\count317
)
(D:\.SoftwareDev\Software Files\miktex\tex/latex/kvoptions\kvoptions.sty
Package: kvoptions 2022-06-15 v3.15 Key value format for package options (HO)

(D:\.SoftwareDev\Software Files\miktex\tex/latex/kvsetkeys\kvsetkeys.sty
Package: kvsetkeys 2022-10-05 v1.19 Key value parser (HO)
))
(D:\.SoftwareDev\Software Files\miktex\tex/latex/logreq\logreq.sty
Package: logreq 2010/08/04 v1.0 xml request logger
\lrq@indent=\count318

(D:\.SoftwareDev\Software Files\miktex\tex/latex/logreq\logreq.def
File: logreq.def 2010/08/04 v1.0 logreq spec v1.0
))
(D:\.SoftwareDev\Software Files\miktex\tex/latex/url\url.sty
\Urlmuskip=\muskip17
Package: url 2013/09/16  ver 3.4  Verb mode for urls, etc.
)
\c@tabx@nest=\count319
\c@listtotal=\count320
\c@listcount=\count321
\c@liststart=\count322
\c@liststop=\count323
\c@citecount=\count324
\c@citetotal=\count325
\c@multicitecount=\count326
\c@multicitetotal=\count327
\c@instcount=\count328
\c@maxnames=\count329
\c@minnames=\count330
\c@maxitems=\count331
\c@minitems=\count332
\c@citecounter=\count333
\c@maxcitecounter=\count334
\c@savedcitecounter=\count335
\c@uniquelist=\count336
\c@uniquename=\count337
\c@refsection=\count338
\c@refsegment=\count339
\c@maxextratitle=\count340
\c@maxextratitleyear=\count341
\c@maxextraname=\count342
\c@maxextradate=\count343
\c@maxextraalpha=\count344
\c@abbrvpenalty=\count345
\c@highnamepenalty=\count346
\c@lownamepenalty=\count347
\c@maxparens=\count348
\c@parenlevel=\count349
\blx@tempcnta=\count350
\blx@tempcntb=\count351
\blx@tempcntc=\count352
\c@blx@maxsection=\count353
\blx@maxsegment@0=\count354
\blx@notetype=\count355
\blx@parenlevel@text=\count356
\blx@parenlevel@foot=\count357
\blx@sectionciteorder@0=\count358
\blx@sectionciteorderinternal@0=\count359
\blx@entrysetcounter=\count360
\blx@biblioinstance=\count361
\labelnumberwidth=\skip54
\labelalphawidth=\skip55
\biblabelsep=\skip56
\bibitemsep=\skip57
\bibnamesep=\skip58
\bibinitsep=\skip59
\bibparsep=\skip60
\bibhang=\skip61
\blx@bcfin=\read3
\blx@bcfout=\write4
\blx@langwohyphens=\language79
\c@mincomprange=\count362
\c@maxcomprange=\count363
\c@mincompwidth=\count364
Package biblatex Info: Trying to load biblatex default data model...
Package biblatex Info: ... file 'blx-dm.def' found.

(D:\.SoftwareDev\Software Files\miktex\tex/latex/biblatex\blx-dm.def
File: blx-dm.def 2025/07/10 v3.21 biblatex datamodel (PK/MW)
)
Package biblatex Info: Trying to load biblatex custom data model...
Package biblatex Info: ... file 'biblatex-dm.cfg' not found.
\c@afterword=\count365
\c@savedafterword=\count366
\c@annotator=\count367
\c@savedannotator=\count368
\c@author=\count369
\c@savedauthor=\count370
\c@bookauthor=\count371
\c@savedbookauthor=\count372
\c@commentator=\count373
\c@savedcommentator=\count374
\c@editor=\count375
\c@savededitor=\count376
\c@editora=\count377
\c@savededitora=\count378
\c@editorb=\count379
\c@savededitorb=\count380
\c@editorc=\count381
\c@savededitorc=\count382
\c@foreword=\count383
\c@savedforeword=\count384
\c@holder=\count385
\c@savedholder=\count386
\c@introduction=\count387
\c@savedintroduction=\count388
\c@namea=\count389
\c@savednamea=\count390
\c@nameb=\count391
\c@savednameb=\count392
\c@namec=\count393
\c@savednamec=\count394
\c@translator=\count395
\c@savedtranslator=\count396
\c@shortauthor=\count397
\c@savedshortauthor=\count398
\c@shorteditor=\count399
\c@savedshorteditor=\count400
\c@labelname=\count401
\c@savedlabelname=\count402
\c@institution=\count403
\c@savedinstitution=\count404
\c@lista=\count405
\c@savedlista=\count406
\c@listb=\count407
\c@savedlistb=\count408
\c@listc=\count409
\c@savedlistc=\count410
\c@listd=\count411
\c@savedlistd=\count412
\c@liste=\count413
\c@savedliste=\count414
\c@listf=\count415
\c@savedlistf=\count416
\c@location=\count417
\c@savedlocation=\count418
\c@organization=\count419
\c@savedorganization=\count420
\c@origlocation=\count421
\c@savedoriglocation=\count422
\c@origpublisher=\count423
\c@savedorigpublisher=\count424
\c@publisher=\count425
\c@savedpublisher=\count426
\c@language=\count427
\c@savedlanguage=\count428
\c@origlanguage=\count429
\c@savedoriglanguage=\count430
\c@pageref=\count431
\c@savedpageref=\count432
\shorthandwidth=\skip62
\shortjournalwidth=\skip63
\shortserieswidth=\skip64
\shorttitlewidth=\skip65
\shortauthorwidth=\skip66
\shorteditorwidth=\skip67
\locallabelnumberwidth=\skip68
\locallabelalphawidth=\skip69
\localshorthandwidth=\skip70
\localshortjournalwidth=\skip71
\localshortserieswidth=\skip72
\localshorttitlewidth=\skip73
\localshortauthorwidth=\skip74
\localshorteditorwidth=\skip75
Package biblatex Info: Trying to load compatibility code...
Package biblatex Info: ... file 'blx-compat.def' found.

(D:\.SoftwareDev\Software Files\miktex\tex/latex/biblatex\blx-compat.def
File: blx-compat.def 2025/07/10 v3.21 biblatex compatibility (PK/MW)
)
Package biblatex Info: Trying to load generic definitions...
Package biblatex Info: ... file 'biblatex.def' found.

(D:\.SoftwareDev\Software Files\miktex\tex/latex/biblatex\biblatex.def
File: biblatex.def 2025/07/10 v3.21 biblatex compatibility (PK/MW)
\c@textcitecount=\count433
\c@textcitetotal=\count434
\c@textcitemaxnames=\count435
\c@biburlbigbreakpenalty=\count436
\c@biburlbreakpenalty=\count437
\c@biburlnumpenalty=\count438
\c@biburlucpenalty=\count439
\c@biburllcpenalty=\count440
\biburlbigskip=\muskip18
\biburlnumskip=\muskip19
\biburlucskip=\muskip20
\biburllcskip=\muskip21
\c@smartand=\count441
)
Package biblatex Info: Trying to load bibliography style 'numeric'...
Package biblatex Info: ... file 'numeric.bbx' found.

(D:\.SoftwareDev\Software Files\miktex\tex/latex/biblatex/bbx\numeric.bbx
File: numeric.bbx 2025/07/10 v3.21 biblatex bibliography style (PK/MW)
Package biblatex Info: Trying to load bibliography style 'standard'...
Package biblatex Info: ... file 'standard.bbx' found.

(D:\.SoftwareDev\Software Files\miktex\tex/latex/biblatex/bbx\standard.bbx
File: standard.bbx 2025/07/10 v3.21 biblatex bibliography style (PK/MW)
\c@bbx:relatedcount=\count442
\c@bbx:relatedtotal=\count443
))
Package biblatex Info: Trying to load citation style 'numeric'...
Package biblatex Info: ... file 'numeric.cbx' found.

(D:\.SoftwareDev\Software Files\miktex\tex/latex/biblatex/cbx\numeric.cbx
File: numeric.cbx 2025/07/10 v3.21 biblatex citation style (PK/MW)
Package biblatex Info: Redefining '\cite'.
Package biblatex Info: Redefining '\parencite'.
Package biblatex Info: Redefining '\footcite'.
Package biblatex Info: Redefining '\footcitetext'.
Package biblatex Info: Redefining '\smartcite'.
Package biblatex Info: Redefining '\supercite'.
Package biblatex Info: Redefining '\textcite'.
Package biblatex Info: Redefining '\textcites'.
Package biblatex Info: Redefining '\cites'.
Package biblatex Info: Redefining '\parencites'.
Package biblatex Info: Redefining '\smartcites'.
)
Package biblatex Info: Trying to load configuration file...
Package biblatex Info: ... file 'biblatex.cfg' found.

(D:\.SoftwareDev\Software Files\miktex\tex/latex/biblatex\biblatex.cfg
File: biblatex.cfg 
)
Package biblatex Info: Input encoding 'utf8' detected.
Package biblatex Info: Document encoding is UTF8 ....

(D:\.SoftwareDev\Software Files\miktex\tex/latex/l3kernel\expl3.sty
Package: expl3 2025-09-02 L3 programming layer (loader) 

(D:\.SoftwareDev\Software Files\miktex\tex/latex/l3backend\l3backend-pdftex.def
File: l3backend-pdftex.def 2025-06-09 L3 backend support: PDF output (pdfTeX)
\l__color_backend_stack_int=\count444
))
Package biblatex Info: ... and expl3
(biblatex)             2025-09-02 L3 programming layer (loader) 
(biblatex)             is new enough (at least 2020/04/06),
(biblatex)             setting 'casechanger=expl3'.
 (D:\.SoftwareDev\Software Files\miktex\tex/latex/biblatex\blx-case-expl3.sty (
D:\.SoftwareDev\Software Files\miktex\tex/latex/l3packages/xparse\xparse.sty
Package: xparse 2024-08-16 L3 Experimental document command parser
)
Package: blx-case-expl3 2025/07/10 v3.21 expl3 case changing code for biblatex
)) (D:\.SoftwareDev\Software Files\miktex\tex/latex/amsmath\amsmath.sty
Package: amsmath 2025/06/16 v2.17y AMS math features
\@mathmargin=\skip76

For additional information on amsmath, use the `?' option.
(D:\.SoftwareDev\Software Files\miktex\tex/latex/amsmath\amstext.sty
Package: amstext 2024/11/17 v2.01 AMS text

(D:\.SoftwareDev\Software Files\miktex\tex/latex/amsmath\amsgen.sty
File: amsgen.sty 1999/11/30 v2.0 generic functions
\@emptytoks=\toks33
\ex@=\dimen263
))
(D:\.SoftwareDev\Software Files\miktex\tex/latex/amsmath\amsbsy.sty
Package: amsbsy 1999/11/29 v1.2d Bold Symbols
\pmbraise@=\dimen264
)
(D:\.SoftwareDev\Software Files\miktex\tex/latex/amsmath\amsopn.sty
Package: amsopn 2022/04/08 v2.04 operator names
)
\inf@bad=\count445
LaTeX Info: Redefining \frac on input line 233.
\uproot@=\count446
\leftroot@=\count447
LaTeX Info: Redefining \overline on input line 398.
LaTeX Info: Redefining \colon on input line 409.
\classnum@=\count448
\DOTSCASE@=\count449
LaTeX Info: Redefining \ldots on input line 495.
LaTeX Info: Redefining \dots on input line 498.
LaTeX Info: Redefining \cdots on input line 619.
\Mathstrutbox@=\box66
\strutbox@=\box67
LaTeX Info: Redefining \big on input line 721.
LaTeX Info: Redefining \Big on input line 722.
LaTeX Info: Redefining \bigg on input line 723.
LaTeX Info: Redefining \Bigg on input line 724.
\big@size=\dimen265
LaTeX Font Info:    Redeclaring font encoding OML on input line 742.
LaTeX Font Info:    Redeclaring font encoding OMS on input line 743.
\macc@depth=\count450
LaTeX Info: Redefining \bmod on input line 904.
LaTeX Info: Redefining \pmod on input line 909.
LaTeX Info: Redefining \smash on input line 939.
LaTeX Info: Redefining \relbar on input line 969.
LaTeX Info: Redefining \Relbar on input line 970.
\c@MaxMatrixCols=\count451
\dotsspace@=\muskip22
\c@parentequation=\count452
\dspbrk@lvl=\count453
\tag@help=\toks34
\row@=\count454
\column@=\count455
\maxfields@=\count456
\andhelp@=\toks35
\eqnshift@=\dimen266
\alignsep@=\dimen267
\tagshift@=\dimen268
\tagwidth@=\dimen269
\totwidth@=\dimen270
\lineht@=\dimen271
\@envbody=\toks36
\multlinegap=\skip77
\multlinetaggap=\skip78
\mathdisplay@stack=\toks37
LaTeX Info: Redefining \[ on input line 2949.
LaTeX Info: Redefining \] on input line 2950.
)
(D:\.SoftwareDev\Software Files\miktex\tex/latex/setspace\setspace.sty
Package: setspace 2022/12/04 v6.7b set line spacing
)
(D:\.SoftwareDev\Software Files\miktex\tex/latex/tools\tabularx.sty
Package: tabularx 2023/12/11 v2.12a `tabularx' package (DPC)

(D:\.SoftwareDev\Software Files\miktex\tex/latex/tools\array.sty
Package: array 2025/06/08 v2.6j Tabular extension package (FMi)
\col@sep=\dimen272
\ar@mcellbox=\box68
\extrarowheight=\dimen273
\NC@list=\toks38
\extratabsurround=\skip79
\backup@length=\skip80
\ar@cellbox=\box69
)
\TX@col@width=\dimen274
\TX@old@table=\dimen275
\TX@old@col=\dimen276
\TX@target=\dimen277
\TX@delta=\dimen278
\TX@cols=\count457
\TX@ftn=\toks39
)
(D:\.SoftwareDev\Software Files\miktex\tex/latex/booktabs\booktabs.sty
Package: booktabs 2020/01/12 v1.61803398 Publication quality tables
\heavyrulewidth=\dimen279
\lightrulewidth=\dimen280
\cmidrulewidth=\dimen281
\belowrulesep=\dimen282
\belowbottomsep=\dimen283
\aboverulesep=\dimen284
\abovetopsep=\dimen285
\cmidrulesep=\dimen286
\cmidrulekern=\dimen287
\defaultaddspace=\dimen288
\@cmidla=\count458
\@cmidlb=\count459
\@aboverulesep=\dimen289
\@belowrulesep=\dimen290
\@thisruleclass=\count460
\@lastruleclass=\count461
\@thisrulewidth=\dimen291
)
(D:\.SoftwareDev\Software Files\miktex\tex/latex/geometry\geometry.sty
Package: geometry 2020/01/02 v5.9 Page Geometry

(D:\.SoftwareDev\Software Files\miktex\tex/generic/iftex\ifvtex.sty
Package: ifvtex 2019/10/25 v1.7 ifvtex legacy package. Use iftex instead.
)
\Gm@cnth=\count462
\Gm@cntv=\count463
\c@Gm@tempcnt=\count464
\Gm@bindingoffset=\dimen292
\Gm@wd@mp=\dimen293
\Gm@odd@mp=\dimen294
\Gm@even@mp=\dimen295
\Gm@layoutwidth=\dimen296
\Gm@layoutheight=\dimen297
\Gm@layouthoffset=\dimen298
\Gm@layoutvoffset=\dimen299
\Gm@dimlist=\toks40

(D:\.SoftwareDev\Software Files\miktex\tex/latex/geometry\geometry.cfg))
(D:\.SoftwareDev\Software Files\miktex\tex/latex/base\inputenc.sty
Package: inputenc 2024/02/08 v1.3d Input encoding file
\inpenc@prehook=\toks41
\inpenc@posthook=\toks42
)
(D:\.SoftwareDev\Software Files\miktex\tex/generic/babel\babel.sty
Package: babel 2025/08/03 v25.12 The multilingual framework for LuaLaTeX, pdfLa
TeX and XeLaTeX
\babel@savecnt=\count465
LaTeX Encoding Info:    Redeclaring text command \ij (encoding OT1) on input li
ne 2045.
LaTeX Encoding Info:    Redeclaring text command \IJ (encoding OT1) on input li
ne 2047.
LaTeX Encoding Info:    Redeclaring text command \ij (encoding T1) on input lin
e 2049.
LaTeX Encoding Info:    Redeclaring text command \IJ (encoding T1) on input lin
e 2050.
LaTeX Encoding Info:    Ignoring declaration for text command \ij (encoding ?) 
on input line 2051.
LaTeX Encoding Info:    Ignoring declaration for text command \IJ (encoding ?) 
on input line 2053.
LaTeX Encoding Info:    Ignoring declaration for text command \SS (encoding ?) 
on input line 2078.
\U@D=\dimen300
\l@unhyphenated=\language80

(D:\.SoftwareDev\Software Files\miktex\tex/generic/babel\txtbabel.def)
\bbl@readstream=\read4
\bbl@dirlevel=\count466

*************************************
* Local config file bblopts.cfg used
*
(D:\.SoftwareDev\Software Files\miktex\tex/latex/arabi\bblopts.cfg
File: bblopts.cfg 2005/09/08 v0.1 add Arabic and Farsi to "declared" options of
 babel
)
(D:\.SoftwareDev\Software Files\miktex\tex/latex/babel-german\ngerman.ldf
Language: ngerman 2024/12/10 v2.15 German support for babel (post-1996 orthogra
phy)

(D:\.SoftwareDev\Software Files\miktex\tex/generic/babel/locale/de\babel-ngerma
n.tex
Package babel Info: Importing font and identification data for ngerman
(babel)             from babel-de.ini. Reported on input line 12.
)
(D:\.SoftwareDev\Software Files\miktex\tex/latex/babel-german\ngermanb.ldf
Language: ngermanb 2024/12/10 v2.15 German support for babel (post-1996 orthogr
aphy)
Package babel Info: Making " an active character on input line 122.
)))
(D:\.SoftwareDev\Software Files\miktex\tex/latex/tcolorbox\tcolorbox.sty
Package: tcolorbox 2025/09/09 version 6.8.0 text color boxes

(D:\.SoftwareDev\Software Files\miktex\tex/latex/tools\verbatim.sty
Package: verbatim 2024-01-22 v1.5x LaTeX2e package for verbatim enhancements
\every@verbatim=\toks43
\verbatim@line=\toks44
\verbatim@in@stream=\read5
)
(D:\.SoftwareDev\Software Files\miktex\tex/latex/environ\environ.sty
Package: environ 2014/05/04 v0.3 A new way to define environments

(D:\.SoftwareDev\Software Files\miktex\tex/latex/trimspaces\trimspaces.sty
Package: trimspaces 2009/09/17 v1.1 Trim spaces around a token list
))
\tcb@titlebox=\box70
\tcb@upperbox=\box71
\tcb@lowerbox=\box72
\tcb@phantombox=\box73
\c@tcbbreakpart=\count467
\c@tcblayer=\count468
\c@tcolorbox@number=\count469
\l__tcobox_tmpa_box=\box74
\l__tcobox_tmpa_dim=\dimen301
\tcb@temp=\box75
\tcb@temp=\box76
\tcb@temp=\box77
\tcb@temp=\box78
)
(D:\.SoftwareDev\Software Files\miktex\tex/latex/tablefootnote\tablefootnote.st
y
Package: tablefootnote 2014/01/26 v1.1c Table foot notes (HMM)
 (D:\.SoftwareDev\Software Files\miktex\tex/latex/letltxmacro\letltxmacro.sty
Package: letltxmacro 2019/12/03 v1.6 Let assignment for LaTeX macros (HO)
) (D:\.SoftwareDev\Software Files\miktex\tex/latex/xifthen\xifthen.sty
Package: xifthen 2015/11/05 v1.4.0 Extended ifthen features

(D:\.SoftwareDev\Software Files\miktex\tex/latex/ifmtarg\ifmtarg.sty
Package: ifmtarg 2018/04/16 v1.2b check for an empty argument
)))

Package biblatex Warning: Load 'inputenc' before biblatex.


Package biblatex Warning: 'babel/polyglossia' detected but 'csquotes' missing.
(biblatex)                Loading 'csquotes' recommended.

\@quotelevel=\count470
\@quotereset=\count471
(gerMain.aux
Package babel Info: 'ngerman' activates 'ngerman' shorthands.
(babel)             Reported on input line 6.


LaTeX Warning: Label `tab:placeholder' multiply defined.


LaTeX Warning: Label `tab:placeholder' multiply defined.


LaTeX Warning: Label `tab:placeholder' multiply defined.


LaTeX Warning: Label `tab:placeholder' multiply defined.


LaTeX Warning: Label `tab:placeholder' multiply defined.

)
\openout1 = `gerMain.aux'.

LaTeX Font Info:    Checking defaults for OML/cmm/m/it on input line 20.
LaTeX Font Info:    ... okay on input line 20.
LaTeX Font Info:    Checking defaults for OMS/cmsy/m/n on input line 20.
LaTeX Font Info:    ... okay on input line 20.
LaTeX Font Info:    Checking defaults for OT1/cmr/m/n on input line 20.
LaTeX Font Info:    ... okay on input line 20.
LaTeX Font Info:    Checking defaults for T1/cmr/m/n on input line 20.
LaTeX Font Info:    ... okay on input line 20.
LaTeX Font Info:    Checking defaults for TS1/cmr/m/n on input line 20.
LaTeX Font Info:    ... okay on input line 20.
LaTeX Font Info:    Checking defaults for OMX/cmex/m/n on input line 20.
LaTeX Font Info:    ... okay on input line 20.
LaTeX Font Info:    Checking defaults for U/cmr/m/n on input line 20.
LaTeX Font Info:    ... okay on input line 20.
 (D:\.SoftwareDev\Software Files\miktex\tex/context/base/mkii\supp-pdf.mkii
[Loading MPS to PDF converter (version 2006.09.02).]
\scratchcounter=\count472
\scratchdimen=\dimen302
\scratchbox=\box79
\nofMPsegments=\count473
\nofMParguments=\count474
\everyMPshowfont=\toks45
\MPscratchCnt=\count475
\MPscratchDim=\dimen303
\MPnumerator=\count476
\makeMPintoPDFobject=\count477
\everyMPtoPDFconversion=\toks46
)
(D:\.SoftwareDev\Software Files\miktex\tex/latex/epstopdf-pkg\epstopdf-base.sty
Package: epstopdf-base 2020-01-24 v2.11 Base part for package epstopdf
Package epstopdf-base Info: Redefining graphics rule for `.eps' on input line 4
85.
(D:\.SoftwareDev\Software Files\miktex\tex/latex/00miktex\epstopdf-sys.cfg
File: epstopdf-sys.cfg 2021/03/18 v2.0 Configuration of epstopdf for MiKTeX
))
\c@lstlisting=\count478
Package biblatex Info: Trying to load language 'ngerman'...
Package biblatex Info: ... file 'ngerman.lbx' found.

(D:\.SoftwareDev\Software Files\miktex\tex/latex/biblatex/lbx\ngerman.lbx
File: ngerman.lbx 2025/07/10 v3.21 biblatex localization (PK/MW)
Package biblatex Info: Trying to load language 'german'...
Package biblatex Info: ... file 'german.lbx' found.

(D:\.SoftwareDev\Software Files\miktex\tex/latex/biblatex/lbx\german.lbx
File: german.lbx 2025/07/10 v3.21 biblatex localization (PK/MW)
)
Package biblatex Info: Trying to load language 'german'...
Package biblatex Info: ... file 'german.lbx' found.

(D:\.SoftwareDev\Software Files\miktex\tex/latex/biblatex/lbx\german.lbx
File: german.lbx 2025/07/10 v3.21 biblatex localization (PK/MW)
))
Package biblatex Info: Input encoding 'utf8' detected.
Package biblatex Info: Automatic encoding selection.
(biblatex)             Assuming data encoding 'utf8'.
\openout4 = `gerMain.bcf'.

Package biblatex Info: Trying to load bibliographic data...
Package biblatex Info: ... file 'gerMain.bbl' found.

(gerMain.bbl)
Package biblatex Info: Reference section=0 on input line 20.
Package biblatex Info: Reference segment=0 on input line 20.

*geometry* driver: auto-detecting
*geometry* detected driver: pdftex
*geometry* verbose mode - [ preamble ] result:
* driver: pdftex
* paper: a4paper
* layout: <same size as paper>
* layoutoffset:(h,v)=(0.0pt,0.0pt)
* modes: 
* h-part:(L,W,R)=(71.13188pt, 455.24411pt, 71.13188pt)
* v-part:(T,H,B)=(71.13188pt, 702.78308pt, 71.13188pt)
* \paperwidth=597.50787pt
* \paperheight=845.04684pt
* \textwidth=455.24411pt
* \textheight=702.78308pt
* \oddsidemargin=-1.1381pt
* \evensidemargin=-1.1381pt
* \topmargin=-38.1381pt
* \headheight=12.0pt
* \headsep=25.0pt
* \topskip=12.0pt
* \footskip=30.0pt
* \marginparwidth=56.9055pt
* \marginparsep=10.0pt
* \columnsep=10.0pt
* \skip\footins=10.8pt plus 4.0pt minus 2.0pt
* \hoffset=0.0pt
* \voffset=0.0pt
* \mag=1000
* \@twocolumnfalse
* \@twosidefalse
* \@mparswitchfalse
* \@reversemarginfalse
* (1in=72.27pt=25.4mm, 1cm=28.453pt)

(deckblattSeminararbeit.tex
Overfull \hbox (17.62482pt too wide) in paragraph at lines 46--47
[][] 
 []


Overfull \hbox (11.07837pt too wide) in paragraph at lines 54--64
[][] 
 []

)

[1

{C:/Users/krkai/AppData/Local/MiKTeX/fonts/map/pdftex/pdftex.map}]
(erklaerung.tex
Underfull \hbox (badness 10000) in paragraph at lines 5--6

 []

)

[2] (gerMain.toc)
\tf@toc=\write5
\openout5 = `gerMain.toc'.



[3] (einleitung.tex
Underfull \hbox (badness 10000) in paragraph at lines 2--3

 []



[4]
Overfull \hbox (9.90932pt too wide) in paragraph at lines 14--15
\OT1/cmr/m/n/12 Verlustfreie Kom-pres-si-ons-sys-te-me sind ei-ne Kom-pres-si-o
ns-me-tho-de, bei der die ur-spr[]ungliche
 []



[5])

[6] (kompressionssysteme.tex (gerShannon.tex)
Overfull \hbox (20.72874pt too wide) in paragraph at lines 65--3
\OT1/cmr/m/n/12 Travis Ga-gie schl[]agt ei-ne Me-tho-de zur Er-stel-lung ei-nes
 ad-ap-ti-ven Shannon-Kodierungssystems
 []



[7]

[8] (gerFano.tex
<fanoTree.png, id=42, 1927.2pt x 1084.05pt>
File: fanoTree.png Graphic file (type png)
<use fanoTree.png>
Package pdftex.def Info: fanoTree.png  used on input line 30.
(pdftex.def)             Requested size: 500.77129pt x 281.68094pt.

Overfull \hbox (45.52718pt too wide) in paragraph at lines 30--31
 [][] 
 []



[9]
Overfull \hbox (39.51042pt too wide) in paragraph at lines 38--40
\OT1/cmr/m/n/12 Luis Rue-da schl[]agt zwei ver-schie-de-ne M[]oglichkeiten vor,
 um ein ad-ap-ti-ves Fano-Kodierungssystem
 []

)

[10 <./fanoTree.png>] (gerHuffman.tex
<huffmanTree.png, id=51, 1927.2pt x 1084.05pt>
File: huffmanTree.png Graphic file (type png)
<use huffmanTree.png>
Package pdftex.def Info: huffmanTree.png  used on input line 47.
(pdftex.def)             Requested size: 500.77129pt x 281.68094pt.

Overfull \hbox (45.52718pt too wide) in paragraph at lines 47--48
 [][] 
 []



[11]))
Overfull \hbox (8.5649pt too wide) in paragraph at lines 57--30
\OT1/cmr/m/n/12 zur sta-ti-schen Ver-si-on ein Sys-tem, das die Kon-struk-ti-on
 des Huffman-Baums an []Anderungen
 []



[12 <./huffmanTree.png>] (gerHigherorder.tex (dictionaryBased.tex
Overfull \hbox (20.898pt too wide) in paragraph at lines 4--4
[][][]\OT1/cmr/m/n/12 LZ77/Deflate[]  
 []


Overfull \hbox (20.898pt too wide) in paragraph at lines 4--4
[][][]\OT1/cmr/m/n/12 LZ77/Deflate[]  
 []

) (grammarBased.tex))

[13] (ergebnisse.tex
Overfull \hbox (8.62764pt too wide) in paragraph at lines 1--1
[]\OT1/cmr/bx/n/17.28 Vergleich der ur-spr[]unglichen Kom-pres-si-ons-al-go-rit
h-
 []

)

[14] (gerConclusion.tex)

[15]

[16]

[17] (gerMain.aux)
 ***********
LaTeX2e <2025-06-01> patch level 1
L3 programming layer <2025-09-02>
 ***********


LaTeX Warning: There were undefined references.


LaTeX Warning: There were multiply-defined labels.


Package biblatex Warning: Please (re)run Biber on the file:
(biblatex)                gerMain
(biblatex)                and rerun LaTeX afterwards.

Package logreq Info: Writing requests to 'gerMain.run.xml'.
\openout1 = `gerMain.run.xml'.

 ) 
Here is how much of TeX's memory you used:
 27196 strings out of 468130
 553889 string characters out of 5433965
 1392669 words of memory out of 5000000
 55377 multiletter control sequences out of 15000+600000
 635121 words of font info for 69 fonts, out of 8000000 for 9000
 1143 hyphenation exceptions out of 8191
 99i,14n,101p,4402b,2461s stack positions out of 10000i,1000n,20000p,200000b,200000s
 <C:\Users\krkai\AppData\Local\MiKTeX\fonts/pk/ljfour/jknappen/ec/dpi600\tcrm
1200.pk><D:/.SoftwareDev/Software Files/miktex/fonts/type1/public/amsfonts/cm/c
mbx12.pfb><D:/.SoftwareDev/Software Files/miktex/fonts/type1/public/amsfonts/cm
/cmcsc10.pfb><D:/.SoftwareDev/Software Files/miktex/fonts/type1/public/amsfonts
/cm/cmex10.pfb><D:/.SoftwareDev/Software Files/miktex/fonts/type1/public/amsfon
ts/cm/cmmi12.pfb><D:/.SoftwareDev/Software Files/miktex/fonts/type1/public/amsf
onts/cm/cmmi8.pfb><D:/.SoftwareDev/Software Files/miktex/fonts/type1/public/ams
fonts/cm/cmr10.pfb><D:/.SoftwareDev/Software Files/miktex/fonts/type1/public/am
sfonts/cm/cmr12.pfb><D:/.SoftwareDev/Software Files/miktex/fonts/type1/public/a
msfonts/cm/cmr17.pfb><D:/.SoftwareDev/Software Files/miktex/fonts/type1/public/
amsfonts/cm/cmr7.pfb><D:/.SoftwareDev/Software Files/miktex/fonts/type1/public/
amsfonts/cm/cmr8.pfb><D:/.SoftwareDev/Software Files/miktex/fonts/type1/public/
amsfonts/cm/cmsy10.pfb><D:/.SoftwareDev/Software Files/miktex/fonts/type1/publi
c/amsfonts/cm/cmsy8.pfb><D:/.SoftwareDev/Software Files/miktex/fonts/type1/publ
ic/amsfonts/cm/cmti12.pfb><D:/.SoftwareDev/Software Files/miktex/fonts/type1/pu
blic/amsfonts/cm/cmtt12.pfb>
Output written on gerMain.pdf (17 pages, 387351 bytes).
PDF statistics:
 140 PDF objects out of 1000 (max. 8388607)
 0 named destinations out of 1000 (max. 500000)
 23 words of extra memory for PDF output out of 10000 (max. 10000000)

